<?xml version="1.0" encoding="UTF-8"?>
<!-- Generated by org.testng.reporters.JUnitReportReporter -->
<testsuite skipped="0" hostname="DESKTOP-I4PG4JV" name="tests.MyTest" tests="1" failures="0" timestamp="08 Mar 2019 23:35:18 GMT" time="1.779" errors="0">
  <testcase name="myTest" time="1.779" classname="tests.MyTest"/>
</testsuite> <!-- tests.MyTest -->
